运算符重载功能测试
x+y=3(690,994,750)
x-y=3(0,0,0)
x*y=506659
x*2=3(690,994,750)
x*=2=3(690,994,750)
x+=y=3(1035,1491,1125)
x-=y=3(690,994,750)
x[1]=994
x==y?0
x!=y?1
x.dimension(x.length()):3
x^=y3(0,258750,0)
请按任意键继续. . . 
x^y=ss3(9.70312e+07,0,-8.92688e+07)
请按任意键继续. . . 


	向量类模板测试
当前存在2个向量
1 --- 创建一个随机维度随机值的向量
2 --- 创建一个指定维度的向量
3 --- 直接创建一个指定维度的向量并设定各维度值
4 --- 为已经创建的向量的各个维度值进行设置
5 --- 为已经存在的向量随机设值
6 --- 展示指定编号的向量
7 --- 展示所有存在的向量
a --- 测试向量运算符重载<<,>>,+,+=,-,-=,*,*=,[],==,!=

请选择{1 2 3 4 5 6 7 a [Esc] }: 




	向量类模板测试
当前存在3个向量
1 --- 创建一个随机维度随机值的向量
2 --- 创建一个指定维度的向量
3 --- 直接创建一个指定维度的向量并设定各维度值
4 --- 为已经创建的向量的各个维度值进行设置
5 --- 为已经存在的向量随机设值
6 --- 展示指定编号的向量
7 --- 展示所有存在的向量
a --- 测试向量运算符重载<<,>>,+,+=,-,-=,*,*=,[],==,!=

请选择{1 2 3 4 5 6 7 a [Esc] }: 




	向量类模板测试
当前存在4个向量
1 --- 创建一个随机维度随机值的向量
2 --- 创建一个指定维度的向量
3 --- 直接创建一个指定维度的向量并设定各维度值
4 --- 为已经创建的向量的各个维度值进行设置
5 --- 为已经存在的向量随机设值
6 --- 展示指定编号的向量
7 --- 展示所有存在的向量
a --- 测试向量运算符重载<<,>>,+,+=,-,-=,*,*=,[],==,!=

请选择{1 2 3 4 5 6 7 a [Esc] }: 


输入一个不超过100的正整数n:维度非法！

	向量类模板测试
当前存在4个向量
1 --- 创建一个随机维度随机值的向量
2 --- 创建一个指定维度的向量
3 --- 直接创建一个指定维度的向量并设定各维度值
4 --- 为已经创建的向量的各个维度值进行设置
5 --- 为已经存在的向量随机设值
6 --- 展示指定编号的向量
7 --- 展示所有存在的向量
a --- 测试向量运算符重载<<,>>,+,+=,-,-=,*,*=,[],==,!=

请选择{1 2 3 4 5 6 7 a [Esc] }: 


